{
  "stats": {
    "suites": 1,
    "tests": 1,
    "passes": 1,
    "pending": 0,
    "failures": 0,
    "start": "2023-04-30T20:22:31.477Z",
    "end": "2023-04-30T20:22:39.679Z",
    "duration": 8202,
    "testsRegistered": 1,
    "passPercent": 100,
    "pendingPercent": 0,
    "other": 0,
    "hasOther": false,
    "skipped": 0,
    "hasSkipped": false
  },
  "results": [
    {
      "uuid": "5c28e721-3ae2-4a36-a7f6-80d0c95a6dca",
      "title": "",
      "fullFile": "cypress\\e2e\\testPatternsAppActions.cy.js",
      "file": "cypress\\e2e\\testPatternsAppActions.cy.js",
      "beforeHooks": [],
      "afterHooks": [],
      "tests": [],
      "suites": [
        {
          "uuid": "20f01c2e-aa54-4d78-921d-6ff40eba5b5e",
          "title": "Acess Admin Panel",
          "fullFile": "",
          "file": "",
          "beforeHooks": [],
          "afterHooks": [],
          "tests": [
            {
              "title": "Shoul Login With Valid Credentials",
              "fullTitle": "Acess Admin Panel Shoul Login With Valid Credentials",
              "timedOut": null,
              "duration": 8122,
              "state": "passed",
              "speed": "medium",
              "pass": true,
              "fail": false,
              "pending": false,
              "context": null,
              "code": "cy.getSiteName().should(\"be.visible\", {\n  timeout: 10000\n});",
              "err": {},
              "uuid": "b0f778bd-3a7d-405b-8258-1969a7407ef9",
              "parentUUID": "20f01c2e-aa54-4d78-921d-6ff40eba5b5e",
              "isHook": false,
              "skipped": false
            }
          ],
          "suites": [],
          "passes": [
            "b0f778bd-3a7d-405b-8258-1969a7407ef9"
          ],
          "failures": [],
          "pending": [],
          "skipped": [],
          "duration": 8122,
          "root": false,
          "rootEmpty": false,
          "_timeout": 2000
        }
      ],
      "passes": [],
      "failures": [],
      "pending": [],
      "skipped": [],
      "duration": 0,
      "root": true,
      "rootEmpty": true,
      "_timeout": 2000
    }
  ],
  "meta": {
    "mocha": {
      "version": "7.0.1"
    },
    "mochawesome": {
      "options": {
        "quiet": false,
        "reportFilename": "mochawesome",
        "saveHtml": false,
        "saveJson": true,
        "consoleReporter": "spec",
        "useInlineDiffs": false,
        "code": true
      },
      "version": "7.1.3"
    },
    "marge": {
      "options": {
        "reportDir": "mochawesome-report",
        "overwrite": false,
        "html": false,
        "json": true
      },
      "version": "6.2.0"
    }
  }
}